[2015.08.22-04.06.26:623][  0]Log file open, 08/22/15 13:06:26
[2015.08.22-04.06.26:623][  0]LogInit:Display: Running engine for game: FGJ2015
[2015.08.22-04.06.26:623][  0]LogInit:Display: RandInit(2085888153) SRandInit(2085888153).
[2015.08.22-04.06.26:623][  0]LogTaskGraph: Started task graph with 4 named threads and 7 total threads.
[2015.08.22-04.06.26:623][  0]LogStats: Stats thread started
[2015.08.22-04.06.26:623][  0]LogInit: Version: 4.8.3-2634408+++depot+UE4-Releases+4.8
[2015.08.22-04.06.26:623][  0]LogInit: API Version: 2579680
[2015.08.22-04.06.26:623][  0]LogInit: Compiled (64-bit): Jul 27 2015 16:24:33
[2015.08.22-04.06.26:623][  0]LogInit: Compiled with Visual C++: 18.00.21005.01
[2015.08.22-04.06.26:623][  0]LogInit: Build Configuration: Development
[2015.08.22-04.06.26:623][  0]LogInit: Branch Name: ++depot+UE4-Releases+4.8
[2015.08.22-04.06.26:623][  0]LogInit: Command line: 
[2015.08.22-04.06.26:623][  0]LogInit: Base directory: C:/Program Files/Epic Games/4.8/Engine/Binaries/Win64/
[2015.08.22-04.06.26:623][  0]LogInit: Rocket: 1
[2015.08.22-04.06.26:639][  0]LogInit: Using libcurl 7.41.0
[2015.08.22-04.06.26:639][  0]LogInit:  - built for x86_64-pc-win32
[2015.08.22-04.06.26:639][  0]LogInit:  - supports SSL with WinSSL
[2015.08.22-04.06.26:639][  0]LogInit:  - other features:
[2015.08.22-04.06.26:639][  0]LogInit:      CURL_VERSION_SSL
[2015.08.22-04.06.26:639][  0]LogInit:      CURL_VERSION_IPV6
[2015.08.22-04.06.26:639][  0]LogInit:      CURL_VERSION_ASYNCHDNS
[2015.08.22-04.06.26:639][  0]LogInit:      CURL_VERSION_LARGEFILE
[2015.08.22-04.06.26:639][  0]LogInit:      CURL_VERSION_IDN
[2015.08.22-04.06.26:639][  0]LogInit:  CurlRequestOptions (configurable via config and command line):
[2015.08.22-04.06.26:639][  0]LogInit:  - bVerifyPeer = true  - Libcurl will verify peer certificate
[2015.08.22-04.06.26:639][  0]LogInit:  - bUseHttpProxy = false  - Libcurl will NOT use HTTP proxy
[2015.08.22-04.06.26:639][  0]LogInit:  - bDontReuseConnections = false  - Libcurl will reuse connections
[2015.08.22-04.06.26:639][  0]LogInit:  - CertBundlePath = nullptr  - Libcurl will use whatever was configured at build time.
[2015.08.22-04.06.26:653][  0]LogOnline:Warning: No default platform service specified for OnlineSubsystem
[2015.08.22-04.06.26:667][  0]LogInit: Presizing for 0 objects not considered by GC, pre-allocating 0 bytes.
[2015.08.22-04.06.26:673][  0]LogInit: Object subsystem initialized
[2015.08.22-04.06.26:674][  0]LogConsoleResponse:Warning: Skipping Unknown console variable: 'TranslucentSortAxis = (X=0.000000,Y=-1.000000,Z=0.000000)'
[2015.08.22-04.06.26:674][  0]LogConsoleResponse:Warning:   Found in ini file 'C:/Users/ken77_000/Desktop/FGJ2015/Saved/Config/Windows/Engine.ini', in section '[/Script/Engine.RendererSettings]'
[2015.08.22-04.06.26:674][  0]LogConsoleResponse:Warning: Skipping Unknown console variable: 'UIScaleRule = ShortestSide'
[2015.08.22-04.06.26:674][  0]LogConsoleResponse:Warning:   Found in ini file 'C:/Users/ken77_000/Desktop/FGJ2015/Saved/Config/Windows/Engine.ini', in section '[/Script/Engine.RendererSettings]'
[2015.08.22-04.06.26:674][  0]LogConsoleResponse:Warning: Skipping Unknown console variable: 'UIScaleCurve = (EditorCurveData=(Keys=),ExternalCurve=None)'
[2015.08.22-04.06.26:674][  0]LogConsoleResponse:Warning:   Found in ini file 'C:/Users/ken77_000/Desktop/FGJ2015/Saved/Config/Windows/Engine.ini', in section '[/Script/Engine.RendererSettings]'
[2015.08.22-04.06.26:674][  0]LogInit: Selected Device Profile: [Windows]
[2015.08.22-04.06.26:674][  0]LogInit: Applying CVar settings loaded from the selected device profile: [Windows]
[2015.08.22-04.06.26:683][  0]LogInit: Computer: TUNE
[2015.08.22-04.06.26:683][  0]LogInit: User: ken77000
[2015.08.22-04.06.26:683][  0]LogInit: CPU Page size=4096, Cores=4
[2015.08.22-04.06.26:683][  0]LogInit: High frequency timer resolution =2.533205 MHz
[2015.08.22-04.06.26:683][  0]LogMemory: Memory total: Physical=15.9GB (16GB approx)
[2015.08.22-04.06.26:683][  0]LogMemory: Platform Memory Stats for Windows
[2015.08.22-04.06.26:683][  0]LogMemory: Process Physical Memory: 48.36 MB used, 48.36 MB peak
[2015.08.22-04.06.26:683][  0]LogMemory: Process Virtual Memory: 24.39 MB used, 24.39 MB peak
[2015.08.22-04.06.26:683][  0]LogMemory: Physical Memory: 4906.58 MB used, 16268.42 MB total
[2015.08.22-04.06.26:683][  0]LogMemory: Virtual Memory: 306.58 MB used, 134217728.00 MB total
[2015.08.22-04.06.26:842][  0]LogTextLocalizationManager:Warning: Loaded localization resources contain conflicting entries for (Namespace:ContentBrowser, Key:ImportAssetToolTip):
Localization Resource: (C:/Program Files/Epic Games/4.8/Engine/Content/Localization/Editor/en/Editor.locres) Source String Hash: (-630476809) Localized String: (Import to {0}...)
Localization Resource: (C:/Program Files/Epic Games/4.8/Engine/Content/Localization/Editor/en/Editor.locres) Source String Hash: (1271782899) Localized String: (Imports an asset from file to this folder.)
[2015.08.22-04.06.27:151][  0]LogD3D11RHI: Found D3D11 adapter 0: NVIDIA GeForce GTX 980M     (Feature Level 11_0)
[2015.08.22-04.06.27:151][  0]LogD3D11RHI: Adapter has 3943MB of dedicated video memory, 0MB of dedicated system memory, and 8134MB of shared system memory, 1 output[s]
[2015.08.22-04.06.27:169][  0]LogD3D11RHI: Found D3D11 adapter 1: Intel(R) HD Graphics 4600 (Feature Level 11_0)
[2015.08.22-04.06.27:169][  0]LogD3D11RHI: Adapter has 32MB of dedicated video memory, 0MB of dedicated system memory, and 1760MB of shared system memory, 0 output[s]
[2015.08.22-04.06.27:172][  0]LogD3D11RHI: Found D3D11 adapter 2: Microsoft Basic Render Driver (Feature Level 11_0)
[2015.08.22-04.06.27:172][  0]LogD3D11RHI: Adapter has 0MB of dedicated video memory, 0MB of dedicated system memory, and 256MB of shared system memory, 0 output[s]
[2015.08.22-04.06.27:172][  0]LogD3D11RHI: Chosen D3D11 Adapter Id = 0
[2015.08.22-04.06.27:178][  0]LogD3D11RHI: InitD3DDevice
[2015.08.22-04.06.27:178][  0]LogD3D11RHI: !Direct3DDevice
[2015.08.22-04.06.27:178][  0]LogRHI: Texture pool is 1361 MB (70% of 1945 MB)
[2015.08.22-04.06.27:189][  0]LogD3D11RHI: Async texture creation enabled
[2015.08.22-04.06.27:206][  0]LogShaderCompilers:Display: Using Local Shader Compiler.
[2015.08.22-04.06.27:960][  0]LogTemp:Display: Loaded TP DesktopTargetPlatform
[2015.08.22-04.06.27:975][  0]LogTemp:Display: Loaded TP WindowsClientTargetPlatform
[2015.08.22-04.06.27:990][  0]LogTemp:Display: Loaded TP WindowsNoEditorTargetPlatform
[2015.08.22-04.06.28:004][  0]LogTemp:Display: Loaded TP WindowsServerTargetPlatform
[2015.08.22-04.06.28:019][  0]LogTemp:Display: Loaded TP WindowsTargetPlatform
[2015.08.22-04.06.28:033][  0]LogTemp:Display: Loaded TP AndroidTargetPlatform
[2015.08.22-04.06.28:046][  0]LogTemp:Display: Loaded TP Android_ASTCTargetPlatform
[2015.08.22-04.06.28:059][  0]LogTemp:Display: Loaded TP Android_ATCTargetPlatform
[2015.08.22-04.06.28:072][  0]LogTemp:Display: Loaded TP Android_DXTTargetPlatform
[2015.08.22-04.06.28:085][  0]LogTemp:Display: Loaded TP Android_ETC1TargetPlatform
[2015.08.22-04.06.28:100][  0]LogTemp:Display: Loaded TP Android_ETC2TargetPlatform
[2015.08.22-04.06.28:114][  0]LogTemp:Display: Loaded TP Android_PVRTCTargetPlatform
[2015.08.22-04.06.28:166][  0]LogTemp:Display: Loaded TP IOSTargetPlatform
[2015.08.22-04.06.28:180][  0]LogTemp:Display: Loaded TP LinuxNoEditorTargetPlatform
[2015.08.22-04.06.28:193][  0]LogTemp:Display: Loaded TP LinuxServerTargetPlatform
[2015.08.22-04.06.28:207][  0]LogTemp:Display: Loaded TP LinuxTargetPlatform
[2015.08.22-04.06.28:207][  0]LogTargetPlatformManager:Display: Building Assets For Windows
[2015.08.22-04.06.28:431][  0]LogDerivedDataCache:Display: Max Cache Size: 512 MB
[2015.08.22-04.06.28:483][  0]LogDerivedDataCache: Loaded boot cache 0.05s 53MB C:/Users/ken77_000/AppData/Local/UnrealEngine/4.8/DerivedDataCache/Boot.ddc.
[2015.08.22-04.06.28:483][  0]LogDerivedDataCache:Display: Loaded Boot cache: C:/Users/ken77_000/AppData/Local/UnrealEngine/4.8/DerivedDataCache/Boot.ddc
[2015.08.22-04.06.28:483][  0]LogDerivedDataCache: FDerivedDataBackendGraph:  Pak pak cache file ../../../../../../Users/ken77_000/Desktop/FGJ2015/DerivedDataCache/DDC.ddp not found, will not use a pak cache.
[2015.08.22-04.06.28:483][  0]LogDerivedDataCache: Unable to find inner node Pak for hierarchical cache Hierarchy.
[2015.08.22-04.06.28:483][  0]LogDerivedDataCache: FDerivedDataBackendGraph:  CompressedPak pak cache file ../../../../../../Users/ken77_000/Desktop/FGJ2015/DerivedDataCache/Compressed.ddp not found, will not use a pak cache.
[2015.08.22-04.06.28:483][  0]LogDerivedDataCache: Unable to find inner node CompressedPak for hierarchical cache Hierarchy.
[2015.08.22-04.06.28:609][  0]LogDerivedDataCache:Display: Pak cache opened for reading ../../../Engine/DerivedDataCache/Compressed.ddp.
[2015.08.22-04.06.28:621][  0]LogDerivedDataCache: Using Local data cache path C:/Users/ken77_000/AppData/Local/UnrealEngine/Common/DerivedDataCache: Writable
[2015.08.22-04.06.28:810][  0]LogInit: Selected Device Profile: [Windows]
[2015.08.22-04.06.28:885][  0]ImportText (ComponentSweepMultiTests): Missing closing parenthesis: (RootShapeAsset="/Engine/BasicShapes/Cube.Cube",ShapeType="TriggerCapsule",HitResult=(Time=0.50,Location=(X=-100.000015,Y=0.0,Z=100.000015),ImpactPoint=(X=-50.0,Y=0.0,Z=50.0),Normal=(X=-1.0,Y=-0.0,Z=0.0),ImpactNormal=(X=0.0,Y=0.0,Z=1.0),TraceStart=(X=-200.0,Y=0.0,Z=200.0),TraceEnd=(X=0.0,Y=0.0,Z=0.0))
[2015.08.22-04.06.28:885][  0]ImportText (LineTraceSingleByChannelTests): Missing closing parenthesis: (RootShapeAsset="/Engine/BasicShapes/Cube.Cube",HitResult=(Time=0.50,Location=(X=-100.000015,Y=0.0,Z=100.000015),ImpactPoint=(X=-50.0,Y=0.0,Z=50.0),Normal=(X=-1.0,Y=-0.0,Z=0.0),ImpactNormal=(X=0.0,Y=0.0,Z=1.0),TraceStart=(X=-200.0,Y=0.0,Z=200.0),TraceEnd=(X=0.0,Y=0.0,Z=0.0))
[2015.08.22-04.06.28:913][  0]LogMeshUtilities: No automatic mesh reduction module available
[2015.08.22-04.06.28:913][  0]LogMeshUtilities: No automatic mesh merging module available
[2015.08.22-04.06.29:253][  0]LogInit: WinSock: version 1.1 (2.2), MaxSocks=32767, MaxUdp=65467
[2015.08.22-04.06.30:183][  0]UdpMessaging: Initializing bridge on interface 0.0.0.0:0 to multicast group 230.0.0.1:6666.
[2015.08.22-04.06.30:547][  0]SourceControl: Info Source control is disabled
[2015.08.22-04.06.30:547][  0]SourceControl: Info Source control is disabled
[2015.08.22-04.06.30:559][  0]SourceControl: Info Source control is disabled
[2015.08.22-04.06.30:569][  0]SourceControl: Info Source control is disabled
[2015.08.22-04.06.30:789][  0]LogObj: 26273 objects as part of root set at end of initial load.
[2015.08.22-04.06.30:789][  0]LogUObjectAllocator: 5409248 out of 0 bytes used by permanent object pool.
[2015.08.22-04.06.30:856][  0]LogEngine: Initializing Engine...
[2015.08.22-04.06.30:859][  0]LogHMD: Can't find Oculus library dev build: is proper Runtime installed? Version: 0.6.0.0
[2015.08.22-04.06.30:860][  0]LogHMD:Warning: SteamVR failed to initialize.  Error: 110
[2015.08.22-04.06.30:993][  0]LogAIModule: Creating AISystem for world NewWorld
[2015.08.22-04.06.30:997][  0]LogInit: XAudio2 using 'スピーカー (Realtek High Definition Audio)' : 2 channels at 48 kHz using 32 bits per sample (channel mask 0x3)
[2015.08.22-04.06.31:024][  0]LogInit: FAudioDevice initialized.
[2015.08.22-04.06.31:049][  0]LogDerivedDataCache: Saved boot cache 0.02s 53MB C:/Users/ken77_000/AppData/Local/UnrealEngine/4.8/DerivedDataCache/Boot.ddc.
[2015.08.22-04.06.31:056][  0]LogInit: Texture streaming: Disabled
[2015.08.22-04.06.31:080][  0]LogAnalytics: Creating configured Analytics provider AnalyticsET
[2015.08.22-04.06.31:080][  0]LogAnalytics: [UEEditor.Rocket.Release] APIServer = http://et2.epicgames.com/ET2/. AppVersion = 4.8.3-2634408+++depot+UE4-Releases+4.8
[2015.08.22-04.06.31:080][  0]LogAnalytics: [UEEditor.Rocket.Release] SetUserId a5f2b7f24d4a7546d2e5a0ab4a0a26c5|b832dc9c7aaf4b948b335eabfbc6d5e7|3b7ccd6e-ce31-49da-9834-79d1e45bd1cb
[2015.08.22-04.06.31:080][  0]LogAnalytics: [UEEditor.Rocket.Release] AnalyticsET::StartSession
[2015.08.22-04.06.31:107][  0]LogInit: Transaction tracking system initialized
[2015.08.22-04.06.31:237][  0]BlueprintLog: New page: Editor Load
[2015.08.22-04.06.31:272][  0]LogAssetRegistry: FAssetRegistry took 0.0106 seconds to start up
[2015.08.22-04.06.31:272][  0]LogDirectoryWatcher:Warning: Failed to begin reading directory changes for ../../../Engine/Plugins/Experimental/CharacterAI/Content/. Error: 0
[2015.08.22-04.06.32:172][  0]LogConsoleManager:Warning: Console variable 'r.VSync' wasn't set ('GameSetting' has a lower priority than 'SystemSettingsIni')
[2015.08.22-04.06.32:172][  0]LogConsoleResponse:Display: 
[2015.08.22-04.06.32:261][  0]LogCook:Display: Done creating registry. It took  0.00s.
[2015.08.22-04.06.32:425][  0]SourceControl: Info Source control is disabled
[2015.08.22-04.06.32:426][  0]Cmd: MAP LOAD FILE="../../../../../../Users/ken77_000/Desktop/FGJ2015/Content/FlyingBP/Maps/FlyingExampleMap.umap" TEMPLATE=0 SHOWPROGRESS=1 FEATURELEVEL=3
[2015.08.22-04.06.32:426][  0]LightingResults: New page: Lighting Build
[2015.08.22-04.06.32:439][  0]MapCheck: New page: Map Check
[2015.08.22-04.06.32:439][  0]LightingResults: New page: Lighting Build
[2015.08.22-04.06.32:446][  0]LogParticles: Destroying 0 GPU particle simulations for FXSystem 0x0000004C92D88B80
[2015.08.22-04.06.33:040][  0]LogAIModule: Creating AISystem for world FlyingExampleMap
[2015.08.22-04.06.33:050][  0]LogEditorServer: Finished looking for orphan Actors (0.000 secs)
[2015.08.22-04.06.33:294][  0]Cmd: MAP CHECKDEP NOCLEARLOG
[2015.08.22-04.06.33:340][  0]MapCheck: Info Map check complete: 0 Error(s), 0 Warning(s), took 46.672ms to complete.
[2015.08.22-04.06.33:341][  0]LogFileHelpers: Loading map 'FlyingExampleMap' took 0.916
[2015.08.22-04.06.33:471][  0]LogCollectionManager: Loaded 0 collections in 0.002110 seconds
[2015.08.22-04.06.33:478][  0]LogContentBrowser: Native class hierarchy populated in 0.0066 seconds. Added 1792 classes and 301 folders.
[2015.08.22-04.06.33:526][  0]LogContentBrowser: Native class hierarchy updated for 'WidgetCarousel' in 0.0003 seconds. Added 0 classes and 0 folders.
[2015.08.22-04.06.33:553][  0]LogContentBrowser: Native class hierarchy updated for 'AddContentDialog' in 0.0003 seconds. Added 0 classes and 0 folders.
[2015.08.22-04.06.33:568][  0]LogContentBrowser: Native class hierarchy updated for 'SceneOutliner' in 0.0003 seconds. Added 1 classes and 2 folders.
[2015.08.22-04.06.33:605][  0]LogCrashTracker: Crashtracker disabled due to settings.
[2015.08.22-04.06.33:607][  0]LogD3D11RHI: InitD3DDevice
[2015.08.22-04.06.33:615][  0]LogUObjectGlobals:Warning: Failed to find object 'Class None.'
[2015.08.22-04.06.33:638][  0]LogLoad: Full Startup: 8.22 seconds (BP compile: 0.22 seconds)
[2015.08.22-04.06.33:674][  0]LogWindowsTextInputMethodSystem:Display: IME system now activated using TSF (Microsoft IME).
[2015.08.22-04.06.33:741][  0]LogContentStreaming: Texture pool size is 0.000000MB
[2015.08.22-04.06.33:771][  0]LogContentStreaming: Texture pool size now 1000 MB
[2015.08.22-04.06.33:883][  0]LogRenderer: Reallocating scene render targets to support 968x264 (Frame:2).
[2015.08.22-04.06.36:711][  9]LogAssetRegistry: Asset discovery search completed in 5.4501 seconds
[2015.08.22-04.08.36:701][520]LogRenderer: Reallocating scene render targets to support 968x432 (Frame:117).
[2015.08.22-04.08.36:874][530]LogD3D11RHI: InitD3DDevice
[2015.08.22-04.08.50:215][326]LogD3D11RHI: InitD3DDevice
[2015.08.22-04.08.50:256][326]LogD3D11RHI: InitD3DDevice
[2015.08.22-04.08.50:306][326]LogLinker:Warning: Asset '../../../Engine/Content/ArtTools/RenderToTexture/Macros/RenderToTextureMacros.uasset' has been saved with empty engine version. The asset will be loaded but may be incompatible.
[2015.08.22-04.08.50:356][326]LogLinker:Warning: Asset '../../../Engine/Content/ArtTools/RenderToTexture/Enums/RenderToTexture_Enum.uasset' has been saved with empty engine version. The asset will be loaded but may be incompatible.
[2015.08.22-04.09.03:699][ 25]LogD3D11RHI: InitD3DDevice
[2015.08.22-04.09.08:898][319]LogD3D11RHI: InitD3DDevice
[2015.08.22-04.09.09:338][340]LogD3D11RHI: InitD3DDevice
[2015.08.22-04.09.13:505][564]BlueprintLog: New page: Pre-PIE auto-recompile
[2015.08.22-04.09.13:542][564]LogPlayLevel: [PIE] Compiling FlyingPawn before PIE...
[2015.08.22-04.09.13:752][564]LogPlayLevel: PIE:  Blueprint regeneration took 247 ms (1 blueprints)
[2015.08.22-04.09.13:755][564]PIE: New page: PIE session: FlyingExampleMap (Aug 22, 2015, 10:09:13 PM)
[2015.08.22-04.09.13:755][564]LogPlayLevel: Creating play world package: /Game/FlyingBP/Maps/UEDPIE_0_FlyingExampleMap
[2015.08.22-04.09.13:811][564]LogPlayLevel: PIE: StaticDuplicateObject took: (0.056063s)
[2015.08.22-04.09.13:812][564]LogAIModule: Creating AISystem for world FlyingExampleMap
[2015.08.22-04.09.13:813][564]LogPlayLevel: PIE: World Init took: (0.001475s)
[2015.08.22-04.09.13:813][564]LogPlayLevel: PIE: Created PIE world by copying editor world from /Game/FlyingBP/Maps/FlyingExampleMap.FlyingExampleMap to /Game/FlyingBP/Maps/UEDPIE_0_FlyingExampleMap.FlyingExampleMap (0.058205s)
[2015.08.22-04.09.13:869][564]LogInit: XAudio2 using 'スピーカー (Realtek High Definition Audio)' : 2 channels at 48 kHz using 32 bits per sample (channel mask 0x3)
[2015.08.22-04.09.13:877][564]LogInit: FAudioDevice initialized.
[2015.08.22-04.09.13:944][564]LogWorld: Game class is 'FlyingGameMode_C'
[2015.08.22-04.09.13:970][564]LogWorld: Bringing World /Game/FlyingBP/Maps/UEDPIE_0_FlyingExampleMap.FlyingExampleMap up for play (max tick rate 60) at 2015.08.22-13.09.13
[2015.08.22-04.09.13:970][564]LogActor:Warning: GameSession /Game/FlyingBP/Maps/UEDPIE_0_FlyingExampleMap.FlyingExampleMap:PersistentLevel.GameSession_0 has natively added scene component(s), but none of them were set as the actor's RootComponent - picking one arbitrarily
[2015.08.22-04.09.13:971][564]LogActor:Warning: GameNetworkManager /Game/FlyingBP/Maps/UEDPIE_0_FlyingExampleMap.FlyingExampleMap:PersistentLevel.GameNetworkManager_0 has natively added scene component(s), but none of them were set as the actor's RootComponent - picking one arbitrarily
[2015.08.22-04.09.13:972][564]LogWorld: Bringing up level for play took: 0.025641
[2015.08.22-04.09.13:998][564]PIE: Info Play in editor start time for /Game/FlyingBP/Maps/UEDPIE_0_FlyingExampleMap 0.226
[2015.08.22-04.09.15:533][644]LogBlueprintUserMessages: Hello
[2015.08.22-04.09.15:950][669]LogBlueprintUserMessages: Hello
[2015.08.22-04.09.16:267][688]LogBlueprintUserMessages: Hello
[2015.08.22-04.09.16:383][695]LogBlueprintUserMessages: Hello
[2015.08.22-04.09.16:945][721]LogParticles: Destroying 0 GPU particle simulations for FXSystem 0x0000004C93BFB4C0
[2015.08.22-04.09.36:394][872]LogD3D11RHI: InitD3DDevice
[2015.08.22-04.09.37:077][872]LogSavePackage: Save=533.141602ms
[2015.08.22-04.09.37:077][872]LogSavePackage: Moving '../../../../../../Users/ken77_000/Desktop/FGJ2015/Saved/FlyingExampleMap023B648D4831AAE7D5D5B68437ECA071.tmp' to '../../../../../../Users/ken77_000/Desktop/FGJ2015/Content/FlyingBP/Maps/FlyingExampleMap.umap'
[2015.08.22-04.09.37:105][872]LogFileHelpers: Saving map 'FlyingExampleMap' took 0.668
[2015.08.22-04.09.37:134][872]Cmd: OBJ SAVEPACKAGE PACKAGE="/Game/FlyingBP/Blueprints/FlyingPawn" FILE="../../../../../../Users/ken77_000/Desktop/FGJ2015/Content/FlyingBP/Blueprints/FlyingPawn.uasset" SILENT=true
[2015.08.22-04.09.37:220][872]LogSavePackage: Save=78.034744ms
[2015.08.22-04.09.37:220][872]LogSavePackage: Moving '../../../../../../Users/ken77_000/Desktop/FGJ2015/Saved/FlyingPawn35C659F14D7C62267A5AE4A2E21C2890.tmp' to '../../../../../../Users/ken77_000/Desktop/FGJ2015/Content/FlyingBP/Blueprints/FlyingPawn.uasset'
[2015.08.22-04.10.52:401][318]LogD3D11RHI: InitD3DDevice
[2015.08.22-04.10.53:073][354]LogD3D11RHI: InitD3DDevice
[2015.08.22-04.10.53:580][381]LogD3D11RHI: InitD3DDevice
[2015.08.22-04.10.53:628][381]LogD3D11RHI: InitD3DDevice
[2015.08.22-04.10.59:129][592]LogD3D11RHI: InitD3DDevice
[2015.08.22-04.11.09:028][180]LogD3D11RHI: InitD3DDevice
[2015.08.22-04.11.20:298][848]LogD3D11RHI: InitD3DDevice
[2015.08.22-04.11.20:330][848]LogD3D11RHI: InitD3DDevice
[2015.08.22-04.11.20:632][849]LogRenderer: Reallocating scene render targets to support 968x480 (Frame:15365).
[2015.08.22-04.11.24:345][ 25]LogD3D11RHI: InitD3DDevice
[2015.08.22-04.11.25:855][109]LogD3D11RHI: InitD3DDevice
[2015.08.22-04.11.29:676][325]LogD3D11RHI: InitD3DDevice
[2015.08.22-04.11.29:940][338]LogD3D11RHI: InitD3DDevice
[2015.08.22-04.11.35:693][665]BlueprintLog: New page: Pre-PIE auto-recompile
[2015.08.22-04.11.35:702][665]LogPlayLevel: [PIE] Compiling FlyingPawn before PIE...
[2015.08.22-04.11.35:795][665]LogPlayLevel: [PIE] Compiling LoggerNewBlueprint before PIE...
[2015.08.22-04.11.35:891][665]LogParticles: Destroying 0 GPU particle simulations for FXSystem 0x0000004CA24628E0
[2015.08.22-04.11.35:909][665]LogPlayLevel: PIE:  Blueprint regeneration took 216 ms (2 blueprints)
[2015.08.22-04.11.35:909][665]PIE: New page: PIE session: FlyingExampleMap (Aug 22, 2015, 10:11:35 PM)
[2015.08.22-04.11.35:909][665]LogPlayLevel: Creating play world package: /Game/FlyingBP/Maps/UEDPIE_0_FlyingExampleMap
[2015.08.22-04.11.35:958][665]LogPlayLevel: PIE: StaticDuplicateObject took: (0.048374s)
[2015.08.22-04.11.35:959][665]LogAIModule: Creating AISystem for world FlyingExampleMap
[2015.08.22-04.11.35:960][665]LogPlayLevel: PIE: World Init took: (0.002574s)
[2015.08.22-04.11.35:960][665]LogPlayLevel: PIE: Created PIE world by copying editor world from /Game/FlyingBP/Maps/FlyingExampleMap.FlyingExampleMap to /Game/FlyingBP/Maps/UEDPIE_0_FlyingExampleMap.FlyingExampleMap (0.051236s)
[2015.08.22-04.11.35:991][665]LogInit: XAudio2 using 'スピーカー (Realtek High Definition Audio)' : 2 channels at 48 kHz using 32 bits per sample (channel mask 0x3)
[2015.08.22-04.11.35:999][665]LogInit: FAudioDevice initialized.
[2015.08.22-04.11.36:030][665]LogWorld: Game class is 'FlyingGameMode_C'
[2015.08.22-04.11.36:056][665]LogWorld: Bringing World /Game/FlyingBP/Maps/UEDPIE_0_FlyingExampleMap.FlyingExampleMap up for play (max tick rate 60) at 2015.08.22-13.11.36
[2015.08.22-04.11.36:056][665]LogActor:Warning: GameSession /Game/FlyingBP/Maps/UEDPIE_0_FlyingExampleMap.FlyingExampleMap:PersistentLevel.GameSession_1 has natively added scene component(s), but none of them were set as the actor's RootComponent - picking one arbitrarily
[2015.08.22-04.11.36:057][665]LogActor:Warning: GameNetworkManager /Game/FlyingBP/Maps/UEDPIE_0_FlyingExampleMap.FlyingExampleMap:PersistentLevel.GameNetworkManager_1 has natively added scene component(s), but none of them were set as the actor's RootComponent - picking one arbitrarily
[2015.08.22-04.11.36:057][665]LogWorld: Bringing up level for play took: 0.025788
[2015.08.22-04.11.36:059][665]PIE: Info Play in editor start time for /Game/FlyingBP/Maps/UEDPIE_0_FlyingExampleMap 0.287
[2015.08.22-04.11.36:552][691]LogBlueprintUserMessages: Hello
[2015.08.22-04.11.36:936][714]LogBlueprintUserMessages: Hello
[2015.08.22-04.11.37:093][722]LogBlueprintUserMessages: Hello
[2015.08.22-04.11.37:442][743]LogBlueprintUserMessages: Hello
[2015.08.22-04.11.37:642][755]LogBlueprintUserMessages: Hello
[2015.08.22-04.11.37:759][762]LogBlueprintUserMessages: Hello
[2015.08.22-04.11.38:974][826]LogParticles: Destroying 0 GPU particle simulations for FXSystem 0x0000004C9F917420
[2015.08.22-04.13.03:852][915]Cmd: CAMERA ALIGN ACTIVEVIEWPORTONLY
[2015.08.22-04.14.31:703][719]LogParticles: Destroying 0 GPU particle simulations for FXSystem 0x0000004C86CA3CE0
[2015.08.22-04.14.31:706][719]LogD3D11RHI: InitD3DDevice
[2015.08.22-04.14.33:040][719]LogWindowsTextInputMethodSystem:Display: IME system now activated using TSF (Microsoft IME).
[2015.08.22-04.14.33:311][720]Cmd: QUIT_EDITOR
[2015.08.22-04.14.33:837][720]LogExit: Preparing to exit.
[2015.08.22-04.14.34:550][720]LogExit: Editor shut down
[2015.08.22-04.14.34:550][720]LogExit: Transaction tracking system shut down
[2015.08.22-04.14.34:551][720]LogParticles: Destroying 0 GPU particle simulations for FXSystem 0x0000004C861972E0
[2015.08.22-04.14.34:552][720]LogParticles: Destroying 0 GPU particle simulations for FXSystem 0x0000004CA08A2CA0
[2015.08.22-04.14.34:556][720]LogParticles: Destroying 0 GPU particle simulations for FXSystem 0x0000004C9FA41C60
[2015.08.22-04.14.34:698][720]LogExit: Object subsystem successfully closed.
[2015.08.22-04.14.34:712][720]LogD3D11RHI: Shutdown
[2015.08.22-04.14.34:712][720]LogD3D11RHI: CleanupD3DDevice
[2015.08.22-04.14.34:747][720]LogD3D11RHI: ~FD3D11DynamicRHI
[2015.08.22-04.14.34:767][720]LogModuleManager: Shutting down and abandoning module CrashTracker (188)
[2015.08.22-04.14.34:767][720]LogModuleManager: Shutting down and abandoning module SceneOutliner (187)
[2015.08.22-04.14.34:767][720]LogModuleManager: Shutting down and abandoning module SuperSearch (186)
[2015.08.22-04.14.34:767][720]LogModuleManager: Shutting down and abandoning module WidgetCarousel (185)
[2015.08.22-04.14.34:767][720]LogModuleManager: Shutting down and abandoning module AddContentDialog (184)
[2015.08.22-04.14.34:767][720]LogModuleManager: Shutting down and abandoning module EditorWidgets (183)
[2015.08.22-04.14.34:767][720]LogModuleManager: Shutting down and abandoning module CollectionManager (182)
[2015.08.22-04.14.34:767][720]LogModuleManager: Shutting down and abandoning module StatsViewer (181)
[2015.08.22-04.14.34:767][720]LogModuleManager: Shutting down and abandoning module FoliageEdit (180)
[2015.08.22-04.14.34:767][720]LogModuleManager: Shutting down and abandoning module LandscapeEditor (179)
[2015.08.22-04.14.34:767][720]LogModuleManager: Shutting down and abandoning module ActorPickerMode (178)
[2015.08.22-04.14.34:767][720]LogModuleManager: Shutting down and abandoning module GeometryMode (177)
[2015.08.22-04.14.34:767][720]LogModuleManager: Shutting down and abandoning module TextureAlignMode (176)
[2015.08.22-04.14.34:767][720]LogModuleManager: Shutting down and abandoning module BspMode (175)
[2015.08.22-04.14.34:767][720]LogModuleManager: Shutting down and abandoning module PlacementMode (174)
[2015.08.22-04.14.34:767][720]LogModuleManager: Shutting down and abandoning module AutomationWorker (173)
[2015.08.22-04.14.34:768][720]LogModuleManager: Shutting down and abandoning module CharacterAI (172)
[2015.08.22-04.14.34:768][720]LogModuleManager: Shutting down and abandoning module SmartSnapping (171)
[2015.08.22-04.14.34:768][720]LogModuleManager: Shutting down and abandoning module ViewportSnapping (170)
[2015.08.22-04.14.34:768][720]LogModuleManager: Shutting down and abandoning module LogVisualizer (169)
[2015.08.22-04.14.34:768][720]LogModuleManager: Shutting down and abandoning module GameProjectGeneration (168)
[2015.08.22-04.14.34:768][720]LogModuleManager: Shutting down and abandoning module IntroTutorials (167)
[2015.08.22-04.14.34:768][720]LogModuleManager: Shutting down and abandoning module EditorLiveStreaming (166)
[2015.08.22-04.14.34:768][720]LogModuleManager: Shutting down and abandoning module IOSPlatformEditor (165)
[2015.08.22-04.14.34:768][720]LogModuleManager: Shutting down and abandoning module HTML5PlatformEditor (164)
[2015.08.22-04.14.34:768][720]LogModuleManager: Shutting down and abandoning module AndroidDeviceDetection (163)
[2015.08.22-04.14.35:311][720]LogModuleManager: Shutting down and abandoning module AndroidPlatformEditor (162)
[2015.08.22-04.14.35:311][720]LogModuleManager: Shutting down and abandoning module IOSRuntimeSettings (161)
[2015.08.22-04.14.35:311][720]LogModuleManager: Shutting down and abandoning module AndroidRuntimeSettings (160)
[2015.08.22-04.14.35:311][720]LogModuleManager: Shutting down and abandoning module MergeActors (159)
[2015.08.22-04.14.35:311][720]LogModuleManager: Shutting down and abandoning module SizeMap (158)
[2015.08.22-04.14.35:311][720]LogModuleManager: Shutting down and abandoning module TreeMap (157)
[2015.08.22-04.14.35:311][720]LogModuleManager: Shutting down and abandoning module ReferenceViewer (156)
[2015.08.22-04.14.35:311][720]LogModuleManager: Shutting down and abandoning module LocalizationDashboard (155)
[2015.08.22-04.14.35:311][720]LogModuleManager: Shutting down and abandoning module HardwareTargeting (154)
[2015.08.22-04.14.35:311][720]LogModuleManager: Shutting down and abandoning module DeviceProfileEditor (153)
[2015.08.22-04.14.35:311][720]LogModuleManager: Shutting down and abandoning module UndoHistory (152)
[2015.08.22-04.14.35:311][720]LogModuleManager: Shutting down and abandoning module GameplayTagsEditor (151)
[2015.08.22-04.14.35:311][720]LogModuleManager: Shutting down and abandoning module UserFeedback (150)
[2015.08.22-04.14.35:311][720]LogModuleManager: Shutting down and abandoning module XmlParser (149)
[2015.08.22-04.14.35:311][720]LogModuleManager: Shutting down and abandoning module Blutility (148)
[2015.08.22-04.14.35:311][720]LogModuleManager: Shutting down and abandoning module ProjectTargetPlatformEditor (147)
[2015.08.22-04.14.35:311][720]LogModuleManager: Shutting down and abandoning module ProjectSettingsViewer (146)
[2015.08.22-04.14.35:311][720]LogModuleManager: Shutting down and abandoning module InputBindingEditor (145)
[2015.08.22-04.14.35:311][720]LogModuleManager: Shutting down and abandoning module EditorSettingsViewer (144)
[2015.08.22-04.14.35:311][720]LogModuleManager: Shutting down and abandoning module SettingsEditor (143)
[2015.08.22-04.14.35:311][720]LogModuleManager: Shutting down and abandoning module ProjectLauncher (142)
[2015.08.22-04.14.35:311][720]LogModuleManager: Shutting down and abandoning module SessionFrontend (141)
[2015.08.22-04.14.35:311][720]LogModuleManager: Shutting down and abandoning module ProfilerClient (140)
[2015.08.22-04.14.35:311][720]LogModuleManager: Shutting down and abandoning module TargetDeviceServices (139)
[2015.08.22-04.14.35:311][720]LogModuleManager: Shutting down and abandoning module DeviceManager (138)
[2015.08.22-04.14.35:311][720]LogModuleManager: Shutting down and abandoning module AutomationController (137)
[2015.08.22-04.14.35:311][720]LogModuleManager: Shutting down and abandoning module AutomationWindow (136)
[2015.08.22-04.14.35:311][720]LogModuleManager: Shutting down and abandoning module Layers (135)
[2015.08.22-04.14.35:311][720]LogModuleManager: Shutting down and abandoning module ComponentVisualizers (134)
[2015.08.22-04.14.35:311][720]LogModuleManager: Shutting down and abandoning module DetailCustomizations (133)
[2015.08.22-04.14.35:311][720]LogModuleManager: Shutting down and abandoning module PackagesDialog (132)
[2015.08.22-04.14.35:312][720]LogModuleManager: Shutting down and abandoning module AssetRegistry (131)
[2015.08.22-04.14.35:383][720]LogModuleManager: Shutting down and abandoning module Persona (130)
[2015.08.22-04.14.35:383][720]LogModuleManager: Shutting down and abandoning module Kismet (129)
[2015.08.22-04.14.35:383][720]LogModuleManager: Shutting down and abandoning module GraphEditor (128)
[2015.08.22-04.14.35:383][720]LogModuleManager: Shutting down and abandoning module ClassViewer (127)
[2015.08.22-04.14.35:385][720]LogModuleManager: Shutting down and abandoning module Toolbox (126)
[2015.08.22-04.14.35:385][720]LogModuleManager: Shutting down and abandoning module ModuleUI (125)
[2015.08.22-04.14.35:385][720]LogModuleManager: Shutting down and abandoning module MovieSceneTools (124)
[2015.08.22-04.14.35:385][720]LogModuleManager: Shutting down and abandoning module OutputLog (123)
[2015.08.22-04.14.35:385][720]LogModuleManager: Shutting down and abandoning module GammaUI (122)
[2015.08.22-04.14.35:385][720]LogModuleManager: Shutting down and abandoning module Documentation (121)
[2015.08.22-04.14.35:385][720]LogModuleManager: Shutting down and abandoning module GameLiveStreaming (120)
[2015.08.22-04.14.35:385][720]LogModuleManager: Shutting down and abandoning module StreamingPauseRendering (119)
[2015.08.22-04.14.35:385][720]LogModuleManager: Shutting down and abandoning module AnalyticsET (118)
[2015.08.22-04.14.35:385][720]LogModuleManager: Shutting down and abandoning module Analytics (117)
[2015.08.22-04.14.35:385][720]LogModuleManager: Shutting down and abandoning module AITestSuite (116)
[2015.08.22-04.14.35:385][720]LogModuleManager: Shutting down and abandoning module GameplayDebugger (115)
[2015.08.22-04.14.35:385][720]LogModuleManager: Shutting down and abandoning module AIModule (114)
[2015.08.22-04.14.35:385][720]LogModuleManager: Shutting down and abandoning module ProfilerService (113)
[2015.08.22-04.14.35:553][720]LogModuleManager: Shutting down and abandoning module TaskGraph (112)
[2015.08.22-04.14.35:553][720]LogModuleManager: Shutting down and abandoning module SlateRemote (111)
[2015.08.22-04.14.35:553][720]LogModuleManager: Shutting down and abandoning module SteamVRController (110)
[2015.08.22-04.14.35:553][720]LogModuleManager: Shutting down and abandoning module SteamVR (109)
[2015.08.22-04.14.35:553][720]LogModuleManager: Shutting down and abandoning module ProceduralMeshComponent (108)
[2015.08.22-04.14.35:553][720]LogModuleManager: Shutting down and abandoning module OculusRift (107)
[2015.08.22-04.14.35:553][720]LogModuleManager: Shutting down and abandoning module LeapMotionController (106)
[2015.08.22-04.14.35:564][720]LogModuleManager: Shutting down and abandoning module CustomMeshComponent (105)
[2015.08.22-04.14.35:564][720]LogModuleManager: Shutting down and abandoning module CableComponent (104)
[2015.08.22-04.14.35:564][720]LogModuleManager: Shutting down and abandoning module MessagingDebugger (103)
[2015.08.22-04.14.35:564][720]LogModuleManager: Shutting down and abandoning module MediaPlayerEditor (102)
[2015.08.22-04.14.35:564][720]LogModuleManager: Shutting down and abandoning module SpeedTreeImporter (101)
[2015.08.22-04.14.35:564][720]LogModuleManager: Shutting down and abandoning module PluginBrowser (100)
[2015.08.22-04.14.35:564][720]LogModuleManager: Shutting down and abandoning module EpicSurvey (99)
[2015.08.22-04.14.35:564][720]LogModuleManager: Shutting down and abandoning module DesktopPlatform (98)
[2015.08.22-04.14.35:564][720]LogModuleManager: Shutting down and abandoning module VisualStudioSourceCodeAccess (97)
[2015.08.22-04.14.35:564][720]LogModuleManager: Shutting down and abandoning module UObjectPlugin (96)
[2015.08.22-04.14.35:564][720]LogModuleManager: Shutting down and abandoning module SubversionSourceControl (95)
[2015.08.22-04.14.35:564][720]LogModuleManager: Shutting down and abandoning module PerforceSourceControl (94)
[2015.08.22-04.14.35:564][720]LogModuleManager: Shutting down and abandoning module SourceControl (93)
[2015.08.22-04.14.35:564][720]LogModuleManager: Shutting down and abandoning module GitSourceControl (92)
[2015.08.22-04.14.35:564][720]LogModuleManager: Shutting down and abandoning module BlankPlugin (91)
[2015.08.22-04.14.35:564][720]LogModuleManager: Shutting down and abandoning module PaperTiledImporter (90)
[2015.08.22-04.14.35:564][720]LogModuleManager: Shutting down and abandoning module PaperSpriteSheetImporter (89)
[2015.08.22-04.14.35:564][720]LogModuleManager: Shutting down and abandoning module MeshPaint (88)
[2015.08.22-04.14.35:564][720]LogModuleManager: Shutting down and abandoning module SlateReflector (87)
[2015.08.22-04.14.35:564][720]LogModuleManager: Shutting down and abandoning module DirectoryWatcher (86)
[2015.08.22-04.14.35:564][720]LogModuleManager: Shutting down and abandoning module HotReload (85)
[2015.08.22-04.14.35:564][720]LogModuleManager: Shutting down and abandoning module MainFrame (84)
[2015.08.22-04.14.35:564][720]LogModuleManager: Shutting down and abandoning module LevelEditor (83)
[2015.08.22-04.14.35:565][720]LogModuleManager: Shutting down and abandoning module ContentBrowser (82)
[2015.08.22-04.14.35:566][720]LogModuleManager: Shutting down and abandoning module Paper2DEditor (81)
[2015.08.22-04.14.35:566][720]LogModuleManager: Shutting down and abandoning module UdpMessaging (80)
[2015.08.22-04.14.35:667][720]LogModuleManager: Shutting down and abandoning module Paper2D (79)
[2015.08.22-04.14.35:667][720]LogModuleManager: Shutting down and abandoning module WindowsMoviePlayer (78)
[2015.08.22-04.14.35:670][720]LogModuleManager: Shutting down and abandoning module Media (77)
[2015.08.22-04.14.35:670][720]LogModuleManager: Shutting down and abandoning module WmfMedia (76)
[2015.08.22-04.14.35:670][720]LogModuleManager: Shutting down and abandoning module OnlineBlueprintSupport (75)
[2015.08.22-04.14.35:670][720]LogModuleManager: Shutting down and abandoning module PropertyEditor (74)
[2015.08.22-04.14.35:670][720]LogModuleManager: Shutting down and abandoning module BehaviorTreeEditor (73)
[2015.08.22-04.14.35:670][720]LogModuleManager: Shutting down and abandoning module FunctionalTesting (72)
[2015.08.22-04.14.35:670][720]LogModuleManager: Shutting down and abandoning module CollisionAnalyzer (71)
[2015.08.22-04.14.35:670][720]LogModuleManager: Shutting down and abandoning module WorkspaceMenuStructure (70)
[2015.08.22-04.14.35:670][720]LogModuleManager: Shutting down and abandoning module MessageLog (69)
[2015.08.22-04.14.35:670][720]LogModuleManager: Shutting down and abandoning module Sequencer (68)
[2015.08.22-04.14.35:670][720]LogModuleManager: Shutting down and abandoning module AssetTools (67)
[2015.08.22-04.14.35:670][720]LogModuleManager: Shutting down and abandoning module UMGEditor (66)
[2015.08.22-04.14.35:670][720]LogModuleManager: Shutting down and abandoning module UMG (65)
[2015.08.22-04.14.35:670][720]LogModuleManager: Shutting down and abandoning module Slate (64)
[2015.08.22-04.14.35:670][720]LogModuleManager: Shutting down and abandoning module EditorStyle (63)
[2015.08.22-04.14.35:673][720]LogModuleManager: Shutting down and abandoning module SessionServices (62)
[2015.08.22-04.14.35:673][720]LogModuleManager: Shutting down and abandoning module SourceCodeAccess (61)
[2015.08.22-04.14.35:673][720]LogModuleManager: Shutting down and abandoning module HeadMountedDisplay (60)
[2015.08.22-04.14.35:673][720]LogModuleManager: Shutting down and abandoning module XAudio2 (59)
[2015.08.22-04.14.35:673][720]LogModuleManager: Shutting down and abandoning module Networking (57)
[2015.08.22-04.14.35:673][720]LogModuleManager: Shutting down and abandoning module Core (56)
[2015.08.22-04.14.35:673][720]LogModuleManager: Shutting down and abandoning module KismetCompiler (55)
[2015.08.22-04.14.35:673][720]LogModuleManager: Shutting down and abandoning module PhysXFormats (54)
[2015.08.22-04.14.35:673][720]LogModuleManager: Shutting down and abandoning module MeshUtilities (53)
[2015.08.22-04.14.35:673][720]LogModuleManager: Shutting down and abandoning module DerivedDataCache (52)
[2015.08.22-04.14.35:689][720]LogDerivedDataCache: Shutdown
[2015.08.22-04.14.35:689][720]LogModuleManager: Shutting down and abandoning module ShaderFormatOpenGL (51)
[2015.08.22-04.14.35:689][720]LogModuleManager: Shutting down and abandoning module ShaderFormatD3D (50)
[2015.08.22-04.14.35:689][720]LogModuleManager: Shutting down and abandoning module MetalShaderFormat (49)
[2015.08.22-04.14.35:689][720]LogModuleManager: Shutting down and abandoning module TextureFormatUncompressed (48)
[2015.08.22-04.14.35:689][720]LogModuleManager: Shutting down and abandoning module TextureFormatPVR (47)
[2015.08.22-04.14.35:689][720]LogModuleManager: Shutting down and abandoning module TextureFormatIntelISPCTexComp (46)
[2015.08.22-04.14.35:689][720]LogModuleManager: Shutting down and abandoning module TextureFormatDXT (45)
[2015.08.22-04.14.35:689][720]LogModuleManager: Shutting down and abandoning module ImageWrapper (44)
[2015.08.22-04.14.35:689][720]LogModuleManager: Shutting down and abandoning module TextureFormatASTC (43)
[2015.08.22-04.14.35:689][720]LogModuleManager: Shutting down and abandoning module TextureFormatAndroid (42)
[2015.08.22-04.14.35:689][720]LogModuleManager: Shutting down and abandoning module AudioFormatOpus (41)
[2015.08.22-04.14.35:689][720]LogModuleManager: Shutting down and abandoning module AudioFormatOgg (40)
[2015.08.22-04.14.35:689][720]LogModuleManager: Shutting down and abandoning module AudioFormatADPCM (39)
[2015.08.22-04.14.35:689][720]LogModuleManager: Shutting down and abandoning module LinuxTargetPlatform (38)
[2015.08.22-04.14.35:689][720]LogModuleManager: Shutting down and abandoning module LinuxServerTargetPlatform (37)
[2015.08.22-04.14.35:689][720]LogModuleManager: Shutting down and abandoning module LinuxNoEditorTargetPlatform (36)
[2015.08.22-04.14.35:689][720]LogModuleManager: Shutting down and abandoning module Messaging (35)
[2015.08.22-04.14.35:689][720]LogModuleManager: Shutting down and abandoning module IOSTargetPlatform (34)
[2015.08.22-04.14.35:689][720]LogModuleManager: Shutting down and abandoning module HTML5TargetPlatform (33)
[2015.08.22-04.14.35:689][720]LogModuleManager: Shutting down and abandoning module Android_PVRTCTargetPlatform (32)
[2015.08.22-04.14.35:689][720]LogModuleManager: Shutting down and abandoning module Android_ETC2TargetPlatform (31)
[2015.08.22-04.14.35:689][720]LogModuleManager: Shutting down and abandoning module Android_ETC1TargetPlatform (30)
[2015.08.22-04.14.35:689][720]LogModuleManager: Shutting down and abandoning module Android_DXTTargetPlatform (29)
[2015.08.22-04.14.35:689][720]LogModuleManager: Shutting down and abandoning module Android_ATCTargetPlatform (28)
[2015.08.22-04.14.35:689][720]LogModuleManager: Shutting down and abandoning module Android_ASTCTargetPlatform (27)
[2015.08.22-04.14.35:689][720]LogModuleManager: Shutting down and abandoning module AndroidTargetPlatform (26)
[2015.08.22-04.14.35:689][720]LogModuleManager: Shutting down and abandoning module WindowsTargetPlatform (25)
[2015.08.22-04.14.35:689][720]LogModuleManager: Shutting down and abandoning module WindowsServerTargetPlatform (24)
[2015.08.22-04.14.35:689][720]LogModuleManager: Shutting down and abandoning module WindowsNoEditorTargetPlatform (23)
[2015.08.22-04.14.35:689][720]LogModuleManager: Shutting down and abandoning module WindowsClientTargetPlatform (22)
[2015.08.22-04.14.35:689][720]LogModuleManager: Shutting down and abandoning module DesktopTargetPlatform (21)
[2015.08.22-04.14.35:689][720]LogModuleManager: Shutting down and abandoning module TargetPlatform (20)
[2015.08.22-04.14.35:689][720]LogModuleManager: Shutting down and abandoning module InputCore (19)
[2015.08.22-04.14.35:689][720]LogModuleManager: Shutting down and abandoning module Settings (18)
[2015.08.22-04.14.35:689][720]LogModuleManager: Shutting down and abandoning module OnlineSubsystem (16)
[2015.08.22-04.14.35:689][720]LogModuleManager: Shutting down and abandoning module HTTP (15)
[2015.08.22-04.14.35:689][720]LogModuleManager: Shutting down and abandoning module ExampleDeviceProfileSelector (14)
[2015.08.22-04.14.35:689][720]LogModuleManager: Shutting down and abandoning module TextureCompressor (13)
[2015.08.22-04.14.35:689][720]LogModuleManager: Shutting down and abandoning module ShaderCore (12)
[2015.08.22-04.14.35:689][720]LogModuleManager: Shutting down and abandoning module Landscape (11)
[2015.08.22-04.14.35:689][720]LogModuleManager: Shutting down and abandoning module SlateRHIRenderer (10)
[2015.08.22-04.14.35:691][720]LogModuleManager: Shutting down and abandoning module OpenGLDrv (9)
[2015.08.22-04.14.35:691][720]LogModuleManager: Shutting down and abandoning module D3D11RHI (8)
[2015.08.22-04.14.35:691][720]LogModuleManager: Shutting down and abandoning module Renderer (7)
[2015.08.22-04.14.35:691][720]LogModuleManager: Shutting down and abandoning module Engine (6)
[2015.08.22-04.14.35:691][720]LogModuleManager: Shutting down and abandoning module CoreUObject (5)
[2015.08.22-04.14.35:691][720]LogModuleManager: Shutting down and abandoning module NetworkFile (4)
[2015.08.22-04.14.35:691][720]LogModuleManager: Shutting down and abandoning module StreamingFile (3)
[2015.08.22-04.14.35:691][720]LogModuleManager: Shutting down and abandoning module SandboxFile (2)
[2015.08.22-04.14.35:691][720]LogModuleManager: Shutting down and abandoning module PakFile (1)
[2015.08.22-04.14.35:691][720]LogExit: Exiting.
[2015.08.22-04.14.35:702][720]Log file closed, 08/22/15 13:14:35
